\BOOKMARK [1][-]{section.1}{\376\377\004\022\004\062\004\065\004\064\004\065\004\075\004\070\004\065}{}% 1
\BOOKMARK [1][-]{section.2}{\376\377\004\046\004\065\004\073\004\114\000,\000\040\004\067\004\060\004\064\004\060\004\107\004\070\000,\000\040\004\076\004\061\004\112\004\065\004\072\004\102\000\040\004\070\000\040\004\077\004\100\004\065\004\064\004\074\004\065\004\102\000\040\004\070\004\101\004\101\004\073\004\065\004\064\004\076\004\062\004\060\004\075\004\070\004\117}{}% 2
\BOOKMARK [2][-]{subsection.2.1}{\376\377\004\046\004\065\004\073\004\114\000\040\004\100\004\060\004\061\004\076\004\102\004\113}{section.2}% 3
\BOOKMARK [2][-]{subsection.2.2}{\376\377\004\027\004\060\004\064\004\060\004\107\004\070\000\040\004\100\004\060\004\061\004\076\004\102\004\113}{section.2}% 4
\BOOKMARK [2][-]{subsection.2.3}{\376\377\004\036\004\061\004\112\004\065\004\072\004\102\000\040\004\070\000\040\004\077\004\100\004\065\004\064\004\074\004\065\004\102\000\040\004\070\004\101\004\101\004\073\004\065\004\064\004\076\004\062\004\060\004\075\004\070\004\117}{section.2}% 5
\BOOKMARK [2][-]{subsection.2.4}{\376\377\004\044\004\076\004\100\004\074\004\060\004\073\004\114\004\075\004\060\004\117\000\040\004\077\004\076\004\101\004\102\004\060\004\075\004\076\004\062\004\072\004\060\000\040\004\067\004\060\004\064\004\060\004\107\004\070}{section.2}% 6
\BOOKMARK [1][-]{section.3}{\376\377\004\034\004\065\004\102\004\076\004\064\004\076\004\073\004\076\004\063\004\070\004\107\004\065\004\101\004\072\004\070\004\071\000\040\004\077\004\076\004\064\004\105\004\076\004\064}{}% 7
\BOOKMARK [1][-]{section.4}{\376\377\004\030\004\101\004\105\004\076\004\064\004\075\004\060\004\117\000\040\004\060\004\100\004\105\004\070\004\102\004\065\004\072\004\102\004\103\004\100\004\060\000\040\004\077\004\100\004\076\004\065\004\072\004\102\004\060\000\040\000C\000M\000G\000N}{}% 8
\BOOKMARK [2][-]{subsection.4.1}{\376\377\004\037\004\076\004\101\004\073\004\065\004\064\004\076\004\062\004\060\004\102\004\065\004\073\004\114\004\075\004\076\004\101\004\102\004\075\004\060\004\117\000\040\004\107\004\060\004\101\004\102\004\114}{section.4}% 9
\BOOKMARK [2][-]{subsection.4.2}{\376\377\004\023\004\100\004\060\004\104\004\076\004\062\004\060\004\117\000\040\004\107\004\060\004\101\004\102\004\114}{section.4}% 10
\BOOKMARK [2][-]{subsection.4.3}{\376\377\004\044\004\076\004\100\004\074\004\060\004\102\000\040\004\074\004\076\004\064\004\065\004\073\004\114\004\075\004\076\004\063\004\076\000\040\004\062\004\105\004\076\004\064\004\060}{section.4}% 11
\BOOKMARK [2][-]{subsection.4.4}{\376\377\004\036\004\061\004\103\004\107\004\065\004\075\004\070\004\065\000\040\004\074\004\076\004\064\004\065\004\073\004\070}{section.4}% 12
\BOOKMARK [1][-]{section.5}{\376\377\004\040\004\065\004\072\004\076\004\075\004\101\004\102\004\100\004\103\004\072\004\106\004\070\004\117\000\040\004\104\004\076\004\100\004\074\004\060\004\102\004\076\004\062\000\040\004\064\004\060\004\075\004\075\004\113\004\105\000\040\004\070\000\040\004\101\004\072\004\100\004\113\004\102\004\076\004\063\004\076\000\040\004\077\004\060\004\071\004\077\004\073\004\060\004\071\004\075\004\060}{}% 13
\BOOKMARK [2][-]{subsection.5.1}{\376\377\000T\000r\000a\000i\000n\000-\004\077\004\060\004\071\004\077\004\073\004\060\004\071\004\075}{section.5}% 14
\BOOKMARK [2][-]{subsection.5.2}{\376\377\000D\000e\000v\000/\000t\000e\000s\000t\000-\004\077\004\060\004\071\004\077\004\073\004\060\004\071\004\075}{section.5}% 15
\BOOKMARK [1][-]{section.6}{\376\377\004\037\004\076\004\101\004\102\004\100\004\076\004\065\004\075\004\070\004\065\000\040\004\072\004\076\004\100\004\065\004\104\004\065\004\100\004\065\004\075\004\102\004\075\004\113\004\105\000\040\004\072\004\060\004\100\004\102\000\040\004\061\004\065\004\067\000\040\000A\000l\000l\000e\000n\000N\000L\000P}{}% 16
\BOOKMARK [2][-]{subsection.6.1}{\376\377\004\044\004\076\004\100\004\074\004\060\004\073\004\114\004\075\004\076\004\065\000\040\004\076\004\077\004\070\004\101\004\060\004\075\004\070\004\065}{section.6}% 17
\BOOKMARK [1][-]{section.7}{\376\377\004\020\004\062\004\102\004\076\004\074\004\060\004\102\004\070\004\107\004\065\004\101\004\072\004\060\004\117\000\040\004\100\004\060\004\067\004\074\004\065\004\102\004\072\004\060\000\040\004\063\004\100\004\060\004\104\004\076\004\062\000\040\004\075\004\060\000\040\004\076\004\101\004\075\004\076\004\062\004\065\000\040\000D\000i\000s\000t\000i\000l\000B\000E\000R\000T}{}% 18
\BOOKMARK [2][-]{subsection.7.1}{\376\377\004\044\004\076\004\100\004\074\004\060\004\073\004\114\004\075\004\076\004\065\000\040\004\076\004\077\004\070\004\101\004\060\004\075\004\070\004\065}{section.7}% 19
\BOOKMARK [1][-]{section.8}{\376\377\000R\000S\000T\000-\004\100\004\060\004\067\004\074\004\065\004\102\004\072\004\060\000\040\004\072\004\060\004\072\000\040\004\060\004\073\004\114\004\102\004\065\004\100\004\075\004\060\004\102\004\070\004\062\004\075\004\113\004\071\000\040\004\070\004\101\004\102\004\076\004\107\004\075\004\070\004\072\000\040\004\075\004\060\004\077\004\100\004\060\004\062\004\073\004\065\004\075\004\075\004\076\004\063\004\076\000\040\000s\000u\000p\000e\000r\000v\000i\000s\000i\000o\000n}{}% 20
\BOOKMARK [2][-]{subsection.8.1}{\376\377\004\044\004\076\004\100\004\074\004\060\004\073\004\114\004\075\004\076\004\065\000\040\004\076\004\077\004\070\004\101\004\060\004\075\004\070\004\065}{section.8}% 21
\BOOKMARK [2][-]{subsection.8.2}{\376\377\004\020\004\063\004\100\004\065\004\063\004\060\004\106\004\070\004\117\000\040\000E\000D\000U\000\040\004\075\004\060\000\040\004\103\004\100\004\076\004\062\004\065\004\075\004\114\000\040\004\077\004\100\004\065\004\064\004\073\004\076\004\066\004\065\004\075\004\070\004\071}{section.8}% 22
\BOOKMARK [1][-]{section.9}{\376\377\004\037\004\060\004\071\004\077\004\073\004\060\004\071\004\075\000\040\004\077\004\076\004\064\004\063\004\076\004\102\004\076\004\062\004\072\004\070\000\040\004\077\004\076\004\073\004\114\004\067\004\076\004\062\004\060\004\102\004\065\004\073\004\114\004\101\004\072\004\070\004\105\000\040\000d\000e\000v\000/\000t\000e\000s\000t\000-\004\075\004\060\004\061\004\076\004\100\004\076\004\062}{}% 23
\BOOKMARK [2][-]{subsection.9.1}{\376\377\004\041\004\061\004\076\004\100\004\072\004\060\000\040\004\077\004\076\004\073\004\075\004\076\004\063\004\076\000\040\000d\000e\000v\000/\000t\000e\000s\000t\000-\000p\000i\000c\000k\000l\000e}{section.9}% 24
\BOOKMARK [2][-]{subsection.9.2}{\376\377\004\037\004\100\004\065\004\076\004\061\004\100\004\060\004\067\004\076\004\062\004\060\004\075\004\070\004\065\000\040\004\062\000\040\000s\000e\000q\0002\000g\000r\000a\000p\000h\000-\004\062\004\105\004\076\004\064}{section.9}% 25
\BOOKMARK [2][-]{subsection.9.3}{\376\377\004\036\004\100\004\072\004\065\004\101\004\102\004\100\004\060\004\106\004\070\004\117\000\040\004\077\004\076\004\073\004\075\004\076\004\063\004\076\000\040\004\072\004\076\004\075\004\102\004\103\004\100\004\060}{section.9}% 26
\BOOKMARK [2][-]{subsection.9.4}{\376\377\004\044\004\076\004\100\004\074\004\060\004\073\004\114\004\075\004\076\004\065\000\040\004\076\004\077\004\070\004\101\004\060\004\075\004\070\004\065\000\040\004\077\004\100\004\065\004\076\004\061\004\100\004\060\004\067\004\076\004\062\004\060\004\075\004\070\004\117}{section.9}% 27
\BOOKMARK [1][-]{section.10}{\376\377\004\037\004\076\004\064\004\064\004\065\004\100\004\066\004\072\004\060\000\040\004\103\004\077\004\100\004\060\004\062\004\073\004\117\004\065\004\074\004\076\004\063\004\076\000\040\004\070\004\075\004\104\004\065\004\100\004\065\004\075\004\101\004\060\000\040\004\070\000\040\004\060\004\073\004\114\004\102\004\065\004\100\004\075\004\060\004\102\004\070\004\062\004\075\004\113\004\105\000\040\000d\000e\000v\000-\004\064\004\060\004\075\004\075\004\113\004\105}{}% 28
\BOOKMARK [1][-]{section.11}{\376\377\004\041\004\070\004\101\004\102\004\065\004\074\004\060\000\040\004\076\004\106\004\065\004\075\004\072\004\070\000\040\004\072\004\060\004\107\004\065\004\101\004\102\004\062\004\060\000\040\004\070\000\040\004\070\004\075\004\102\004\065\004\063\004\100\004\060\004\106\004\070\004\117\000\040\000T\000T\000E\000D}{}% 29
\BOOKMARK [2][-]{subsection.11.1}{\376\377\004\030\004\101\004\077\004\100\004\060\004\062\004\073\004\065\004\075\004\070\004\065\000\040\000s\000e\000n\000t\000e\000n\000c\000e\000-\000l\000e\000v\000e\000l\000\040\004\070\000\040\000k\000e\000y\000w\000o\000r\000d\000-\000l\000e\000v\000e\000l\000\040\004\076\004\106\004\065\004\075\004\072\004\070}{section.11}% 30
\BOOKMARK [2][-]{subsection.11.2}{\376\377\000T\000T\000E\000D\000\040\004\072\004\060\004\072\000\040\004\101\004\102\004\100\004\103\004\072\004\102\004\103\004\100\004\075\004\060\004\117\000\040\004\074\004\065\004\102\004\100\004\070\004\072\004\060}{section.11}% 31
\BOOKMARK [1][-]{section.12}{\376\377\004\037\004\100\004\076\004\061\004\073\004\065\004\074\004\113\000,\000\040\004\062\004\113\004\117\004\062\004\073\004\065\004\075\004\075\004\113\004\065\000\040\004\062\000\040\004\105\004\076\004\064\004\065\000\040\004\100\004\060\004\061\004\076\004\102\004\113}{}% 32
\BOOKMARK [2][-]{subsection.12.1}{\376\377\004\027\004\060\004\062\004\070\004\101\004\070\004\074\004\076\004\101\004\102\004\070}{section.12}% 33
\BOOKMARK [2][-]{subsection.12.2}{\376\377\004\024\004\060\004\075\004\075\004\113\004\065}{section.12}% 34
\BOOKMARK [2][-]{subsection.12.3}{\376\377\004\036\004\106\004\065\004\075\004\072\004\060}{section.12}% 35
\BOOKMARK [1][-]{section.13}{\376\377\004\040\004\065\004\067\004\103\004\073\004\114\004\102\004\060\004\102\004\113\000\040\004\077\004\100\004\076\004\064\004\065\004\073\004\060\004\075\004\075\004\076\004\071\000\040\004\100\004\060\004\061\004\076\004\102\004\113}{}% 36
\BOOKMARK [2][-]{subsection.13.1}{\376\377\004\030\004\075\004\066\004\065\004\075\004\065\004\100\004\075\004\113\004\065\000\040\004\100\004\065\004\067\004\103\004\073\004\114\004\102\004\060\004\102\004\113}{section.13}% 37
\BOOKMARK [2][-]{subsection.13.2}{\376\377\004\030\004\101\004\101\004\073\004\065\004\064\004\076\004\062\004\060\004\102\004\065\004\073\004\114\004\101\004\072\004\070\004\065\000\040\004\100\004\065\004\067\004\103\004\073\004\114\004\102\004\060\004\102\004\113}{section.13}% 38
\BOOKMARK [2][-]{subsection.13.3}{\376\377\004\055\004\072\004\101\004\077\004\065\004\100\004\070\004\074\004\065\004\075\004\102\004\060\004\073\004\114\004\075\004\113\004\065\000\040\004\070\004\067\004\074\004\065\004\100\004\065\004\075\004\070\004\117}{section.13}% 39
\BOOKMARK [3][-]{subsubsection.13.3.1}{\376\377\004\034\004\065\004\102\004\100\004\070\004\072\004\070\000\040\004\077\004\076\000\040\004\101\004\102\004\060\004\102\004\114\004\065}{subsection.13.3}% 40
\BOOKMARK [3][-]{subsubsection.13.3.2}{\376\377\004\034\004\065\004\102\004\100\004\070\004\072\004\070\000\040\004\077\004\076\000\040\004\072\004\076\004\064\004\103\000\040\004\075\004\060\000\040\000t\000e\000s\000t\000-\004\075\004\060\004\061\004\076\004\100\004\065}{subsection.13.3}% 41
\BOOKMARK [3][-]{subsubsection.13.3.3}{\376\377\004\034\004\065\004\102\004\100\004\070\004\072\004\070\000\040\004\077\004\076\000\040\004\072\004\076\004\064\004\103\000\040\004\075\004\060\000\040\000d\000e\000v\000-\004\075\004\060\004\061\004\076\004\100\004\065}{subsection.13.3}% 42
\BOOKMARK [3][-]{subsubsection.13.3.4}{\376\377\004\027\004\060\004\074\004\065\004\100\004\113\000\040\004\075\004\060\000\040\004\100\004\060\004\067\004\075\004\113\004\105\000\040\004\062\004\060\004\100\004\070\004\060\004\075\004\102\004\060\004\105\000\040\000d\000e\000v\000-\004\102\004\065\004\072\004\101\004\102\004\076\004\062}{subsection.13.3}% 43
\BOOKMARK [3][-]{subsubsection.13.3.5}{\376\377\004\041\004\076\004\061\004\101\004\102\004\062\004\065\004\075\004\075\004\113\004\065\000\040\004\072\004\060\004\100\004\102\004\113\000\040\004\072\004\076\004\100\004\065\004\104\004\065\004\100\004\065\004\075\004\102\004\075\004\076\004\101\004\102\004\070}{subsection.13.3}% 44
\BOOKMARK [3][-]{subsubsection.13.3.6}{\376\377\004\041\004\100\004\060\004\062\004\075\004\065\004\075\004\070\004\065\000\040\000s\000u\000p\000e\000r\000v\000i\000s\000i\000o\000n\000-\004\101\004\070\004\063\004\075\004\060\004\073\004\076\004\062\000\040\004\077\004\100\004\070\000\040\004\076\004\061\004\103\004\107\004\065\004\075\004\070\004\070}{subsection.13.3}% 45
\BOOKMARK [3][-]{subsubsection.13.3.7}{\376\377\004\036\004\101\004\075\004\076\004\062\004\075\004\113\004\065\000\040\004\062\004\113\004\062\004\076\004\064\004\113\000\040\004\077\004\076\000\040\004\115\004\072\004\101\004\077\004\065\004\100\004\070\004\074\004\065\004\075\004\102\004\060\004\074}{subsection.13.3}% 46
\BOOKMARK [1][-]{section.14}{\376\377\004\041\004\077\004\070\004\101\004\076\004\072\000\040\004\072\004\073\004\116\004\107\004\065\004\062\004\113\004\105\000\040\004\074\004\076\004\064\004\070\004\104\004\070\004\106\004\070\004\100\004\076\004\062\004\060\004\075\004\075\004\113\004\105\000\040\004\072\004\076\004\074\004\077\004\076\004\075\004\065\004\075\004\102\004\076\004\062\000\040\004\077\004\100\004\076\004\065\004\072\004\102\004\060}{}% 47
\BOOKMARK [1][-]{section.15}{\376\377\004\036\004\063\004\100\004\060\004\075\004\070\004\107\004\065\004\075\004\070\004\117\000\040\004\070\000\040\004\075\004\060\004\077\004\100\004\060\004\062\004\073\004\065\004\075\004\070\004\117\000\040\004\064\004\060\004\073\004\114\004\075\004\065\004\071\004\110\004\065\004\071\000\040\004\100\004\060\004\061\004\076\004\102\004\113}{}% 48
\BOOKMARK [1][-]{section.16}{\376\377\004\027\004\060\004\072\004\073\004\116\004\107\004\065\004\075\004\070\004\065}{}% 49
